#
# A fatal error has been detected by the Java Runtime Environment:
#
#  SIGSEGV (0xb) at pc=0x00007fcf2d1a85e7, pid=28305, tid=140527431788288
#
# JRE version: OpenJDK Runtime Environment (8.0_72-b15) (build 1.8.0_72-internal-b15)
# Java VM: OpenJDK 64-Bit Server VM (25.72-b15 mixed mode linux-amd64 compressed oops)
# Problematic frame:
# V  [libjvm.so+0x48a5e7]
#
# Failed to write core dump. Core dumps have been disabled. To enable core dumping, try "ulimit -c unlimited" before starting Java again
#
# If you would like to submit a bug report, please visit:
#   http://bugreport.java.com/bugreport/crash.jsp
#

---------------  T H R E A D  ---------------

Current thread (0x00007fcf28023000):  GCTaskThread [stack: 0x00007fcf17972000,0x00007fcf17a73000] [id=28313]

siginfo: si_signo: 11 (SIGSEGV), si_code: 2 (SEGV_ACCERR), si_addr: 0x00000000d66660d0

Registers:
RAX=0x00007fcf2dbbcac0, RBX=0x00000000d66660c8, RCX=0x0000000000000019, RDX=0x0000000002000000
RSP=0x00007fcf17a71bc0, RBP=0x00007fcf17a71bc0, RSI=0x0000000000000001, RDI=0x00000000d66660c8
R8 =0x00000000d66660c8, R9 =0x000000000000000c, R10=0x00007fcf2dbe6080, R11=0x0000000000000080
R12=0x00007fcf28074a20, R13=0x0000000100068fe0, R14=0x00000000c6666048, R15=0x00000000c666604c
RIP=0x00007fcf2d1a85e7, EFLAGS=0x0000000000010202, CSGSFS=0x0000000000000033, ERR=0x0000000000000004
  TRAPNO=0x000000000000000e

Top of Stack: (sp=0x00007fcf17a71bc0)
0x00007fcf17a71bc0:   00007fcf17a71c30 00007fcf2d3179f0
0x00007fcf17a71bd0:   0000000000000000 00007fcf28074a60
0x00007fcf17a71be0:   00000000c6666038 0000000100068fe8
0x00007fcf17a71bf0:   00007fcf2dbe6080 0000000000000003
0x00007fcf17a71c00:   00007fcf28027300 00007fcf2dbe20f0
0x00007fcf17a71c10:   00007fcf280746f0 00007fcf28074a20
0x00007fcf17a71c20:   00007fcf17a71d6c 00007fcf17a71d70
0x00007fcf17a71c30:   00007fcf17a71cf0 00007fcf2d5d31c2
0x00007fcf17a71c40:   00007fcf28074ae0 00007fcf28074ab0
0x00007fcf17a71c50:   00007fcf28074ae0 0000000100002070
0x00007fcf17a71c60:   00007fcf28074a30 0000000000000002
0x00007fcf17a71c70:   00007fcf28074a60 00007fcf28074a20
0x00007fcf17a71c80:   00007fcf17a71cf0 00007fcf2d317a27
0x00007fcf17a71c90:   00000000c6666038 00007fcf28074a60
0x00007fcf17a71ca0:   000002e100000014 00000001000660d8
0x00007fcf17a71cb0:   000002e200000014 0000000000000006
0x00007fcf17a71cc0:   00007fcf28027300 00007fcf28074a20
0x00007fcf17a71cd0:   00007fcf280746f0 0000000000000002
0x00007fcf17a71ce0:   00007fcf17a71d6c 00007fcf17a71d70
0x00007fcf17a71cf0:   00007fcf17a71dc0 00007fcf2d5b7e0e
0x00007fcf17a71d00:   00007fcf17a71d70 00007fcf17a71d6c
0x00007fcf17a71d10:   000000022dba2290 00007fcf28074a60
0x00007fcf17a71d20:   0000000000040000 0000000000000004
0x00007fcf17a71d30:   0000000000001e00 00007fcf2dbdb634
0x00007fcf17a71d40:   00007fcf17a71d80 00007fcf17a71d70
0x00007fcf17a71d50:   00007fcee8a97030 00007fcf28074a20
0x00007fcf17a71d60:   0000000000000002 44eaa9d42801efb0
0x00007fcf17a71d70:   00000000c1d57290 00007fcf2d53b26b
0x00007fcf17a71d80:   00000000c89195e8 00007fcf00001c00
0x00007fcf17a71d90:   00007fcf17a71dc0 0000000000000001
0x00007fcf17a71da0:   00007fcee8a97030 00007fcf2d7837b5
0x00007fcf17a71db0:   00007fcf28023000 00007fcf2dbdb3b8 

Instructions: (pc=0x00007fcf2d1a85e7)
0x00007fcf2d1a85c7:   8b 42 08 83 f8 00 7e 2c a8 01 75 2d c1 f8 03 5d
0x00007fcf2d1a85d7:   c3 0f 1f 84 00 00 00 00 00 48 8d 05 d9 44 a1 00
0x00007fcf2d1a85e7:   8b 57 08 8b 48 08 48 d3 e2 48 03 10 8b 42 08 83
0x00007fcf2d1a85f7:   f8 00 7f d4 75 1b 0f 1f 00 48 8b 02 48 89 fe 48 

Register to memory mapping:

RAX=0x00007fcf2dbbcac0: <offset 0xe9eac0> in /usr/lib/jvm/java-8-openjdk-amd64/jre/lib/amd64/server/libjvm.so at 0x00007fcf2cd1e000
RBX=0x00000000d66660c8 is an unallocated location in the heap
RCX=0x0000000000000019 is an unknown value
RDX=0x0000000002000000 is an unknown value
RSP=0x00007fcf17a71bc0 is an unknown value
RBP=0x00007fcf17a71bc0 is an unknown value
RSI=0x0000000000000001 is an unknown value
RDI=0x00000000d66660c8 is an unallocated location in the heap
R8 =0x00000000d66660c8 is an unallocated location in the heap
R9 =0x000000000000000c is an unknown value
R10=0x00007fcf2dbe6080: <offset 0xec8080> in /usr/lib/jvm/java-8-openjdk-amd64/jre/lib/amd64/server/libjvm.so at 0x00007fcf2cd1e000
R11=0x0000000000000080 is an unknown value
R12=0x00007fcf28074a20 is an unknown value
R13=0x0000000100068fe0 is pointing into metadata
R14=0x00000000c6666048 is pointing into object: 0x00000000c6666038
com.android.dx.rop.cst.CstString 
 - klass: 'com/android/dx/rop/cst/CstString'
R15=0x00000000c666604c is pointing into object: 0x00000000c6666038
com.android.dx.rop.cst.CstString 
 - klass: 'com/android/dx/rop/cst/CstString'


Stack: [0x00007fcf17972000,0x00007fcf17a73000],  sp=0x00007fcf17a71bc0,  free space=1022k
Native frames: (J=compiled Java code, j=interpreted, Vv=VM code, C=native code)
V  [libjvm.so+0x48a5e7]
V  [libjvm.so+0x5f99f0]
V  [libjvm.so+0x8b51c2]
V  [libjvm.so+0x899e0e]
V  [libjvm.so+0x5874c2]
V  [libjvm.so+0x8570f2]


---------------  P R O C E S S  ---------------

Java Threads: ( => current thread )
  0x00007fcf281ce800 JavaThread "pool-2-thread-4" [_thread_blocked, id=28329, stack(0x00007fcf06941000,0x00007fcf06a42000)]
  0x00007fcf281cd000 JavaThread "pool-2-thread-3" [_thread_blocked, id=28328, stack(0x00007fcf06a42000,0x00007fcf06b43000)]
  0x00007fcf281cb000 JavaThread "pool-2-thread-2" [_thread_blocked, id=28327, stack(0x00007fcf06b43000,0x00007fcf06c44000)]
  0x00007fcf281ca000 JavaThread "pool-3-thread-1" [_thread_blocked, id=28326, stack(0x00007fcf06c44000,0x00007fcf06d45000)]
  0x00007fcf281c7800 JavaThread "pool-2-thread-1" [_thread_blocked, id=28325, stack(0x00007fcf06d45000,0x00007fcf06e46000)]
  0x00007fcf280c1800 JavaThread "Service Thread" daemon [_thread_blocked, id=28322, stack(0x00007fcf0707b000,0x00007fcf0717c000)]
  0x00007fcf280b2000 JavaThread "C1 CompilerThread2" daemon [_thread_blocked, id=28321, stack(0x00007fcf0717c000,0x00007fcf0727d000)]
  0x00007fcf280b0000 JavaThread "C2 CompilerThread1" daemon [_thread_blocked, id=28320, stack(0x00007fcf0727d000,0x00007fcf0737e000)]
  0x00007fcf280ad800 JavaThread "C2 CompilerThread0" daemon [_thread_blocked, id=28319, stack(0x00007fcf0737e000,0x00007fcf0747f000)]
  0x00007fcf280ab000 JavaThread "Signal Dispatcher" daemon [_thread_blocked, id=28318, stack(0x00007fcf0747f000,0x00007fcf07580000)]
  0x00007fcf28084000 JavaThread "Finalizer" daemon [_thread_blocked, id=28317, stack(0x00007fcf079fa000,0x00007fcf07afb000)]
  0x00007fcf2807f800 JavaThread "Reference Handler" daemon [_thread_blocked, id=28316, stack(0x00007fcf07afb000,0x00007fcf07bfc000)]
  0x00007fcf2800a800 JavaThread "main" [_thread_blocked, id=28310, stack(0x00007fcf2e90a000,0x00007fcf2ea0b000)]

Other Threads:
  0x00007fcf28078000 VMThread [stack: 0x00007fcf07bfc000,0x00007fcf07cfd000] [id=28315]
  0x00007fcf280c4000 WatcherThread [stack: 0x00007fcf06f7a000,0x00007fcf0707b000] [id=28323]

=>0x00007fcf28023000 (exited) GCTaskThread [stack: 0x00007fcf17972000,0x00007fcf17a73000] [id=28313]

VM state:at safepoint (normal execution)

VM Mutex/Monitor currently owned by a thread:  ([mutex/lock_event])
[0x00007fcf280068f0] Threads_lock - owner thread: 0x00007fcf28078000
[0x00007fcf28006df0] Heap_lock - owner thread: 0x00007fcf2800a800

Heap:
 PSYoungGen      total 258048K, used 7186K [0x00000000eab00000, 0x0000000100000000, 0x0000000100000000)
  eden space 166912K, 0% used [0x00000000eab00000,0x00000000eab00000,0x00000000f4e00000)
  from space 91136K, 7% used [0x00000000f4e00000,0x00000000f5504980,0x00000000fa700000)
  to   space 90624K, 0% used [0x00000000fa780000,0x00000000fa780000,0x0000000100000000)
 ParOldGen       total 185856K, used 185352K [0x00000000c0000000, 0x00000000cb580000, 0x00000000eab00000)
  object space 185856K, 99% used [0x00000000c0000000,0x00000000cb502380,0x00000000cb580000)
 Metaspace       used 6532K, capacity 7280K, committed 7552K, reserved 1056768K
  class space    used 595K, capacity 616K, committed 640K, reserved 1048576K

Card table byte_map: [0x00007fcf17dcb000,0x00007fcf17fcc000] byte_map_base: 0x00007fcf177cb000

Marking Bits: (ParMarkBitMap*) 0x00007fcf2dbe6080
 Begin Bits: [0x00007fcf15871000, 0x00007fcf16871000)
 End Bits:   [0x00007fcf16871000, 0x00007fcf17871000)

Polling page: 0x00007fcf2ea2f000

CodeCache: size=245760Kb used=10066Kb max_used=10074Kb free=235693Kb
 bounds [0x00007fcf1838c000, 0x00007fcf18d6c000, 0x00007fcf2738c000]
 total_blobs=2645 nmethods=2377 adapters=182
 compilation: enabled

Compilation events (10 events):
Event: 3.785 Thread 0x00007fcf280b2000 2534 %     3       sun.util.calendar.ZoneInfo::getTransitionIndex @ 12 (156 bytes)
Event: 3.785 Thread 0x00007fcf280b2000 nmethod 2534% 0x00007fcf18d55c90 code [0x00007fcf18d55e20, 0x00007fcf18d56350]
Event: 3.812 Thread 0x00007fcf280b2000 2537       2       java.util.zip.ZipFile$ZipEntryIterator::nextElement (5 bytes)
Event: 3.812 Thread 0x00007fcf280b2000 nmethod 2537 0x00007fcf18d42490 code [0x00007fcf18d42600, 0x00007fcf18d42768]
Event: 3.812 Thread 0x00007fcf280b2000 2536       2       java.util.zip.ZipFile$ZipEntryIterator::hasMoreElements (5 bytes)
Event: 3.812 Thread 0x00007fcf280b2000 nmethod 2536 0x00007fcf18d42110 code [0x00007fcf18d42280, 0x00007fcf18d423e8]
Event: 3.812 Thread 0x00007fcf280b2000 2538       2       java.util.zip.ZipEntry::setExtra0 (360 bytes)
Event: 3.814 Thread 0x00007fcf280b2000 nmethod 2538 0x00007fcf18d51050 code [0x00007fcf18d512a0, 0x00007fcf18d52628]
Event: 3.814 Thread 0x00007fcf280b2000 2535       2       com.android.dx.rop.code.BasicBlockList$RegCountVisitor::visitSwitchInsn (6 bytes)
Event: 3.814 Thread 0x00007fcf280b2000 nmethod 2535 0x00007fcf18d41d90 code [0x00007fcf18d41f00, 0x00007fcf18d42068]

GC Heap History (10 events):
Event: 2.362 GC heap after
Heap after GC invocations=7 (full 0):
 PSYoungGen      total 290816K, used 37348K [0x00000000eab00000, 0x0000000100000000, 0x0000000100000000)
  eden space 253440K, 0% used [0x00000000eab00000,0x00000000eab00000,0x00000000fa280000)
  from space 37376K, 99% used [0x00000000fa280000,0x00000000fc6f9300,0x00000000fc700000)
  to   space 58368K, 0% used [0x00000000fc700000,0x00000000fc700000,0x0000000100000000)
 ParOldGen       total 171008K, used 56851K [0x00000000c0000000, 0x00000000ca700000, 0x00000000eab00000)
  object space 171008K, 33% used [0x00000000c0000000,0x00000000c3784dd0,0x00000000ca700000)
 Metaspace       used 6451K, capacity 7216K, committed 7296K, reserved 1056768K
  class space    used 594K, capacity 616K, committed 640K, reserved 1048576K
}
Event: 2.791 GC heap before
{Heap before GC invocations=8 (full 0):
 PSYoungGen      total 290816K, used 290788K [0x00000000eab00000, 0x0000000100000000, 0x0000000100000000)
  eden space 253440K, 100% used [0x00000000eab00000,0x00000000fa280000,0x00000000fa280000)
  from space 37376K, 99% used [0x00000000fa280000,0x00000000fc6f9300,0x00000000fc700000)
  to   space 58368K, 0% used [0x00000000fc700000,0x00000000fc700000,0x0000000100000000)
 ParOldGen       total 171008K, used 56851K [0x00000000c0000000, 0x00000000ca700000, 0x00000000eab00000)
  object space 171008K, 33% used [0x00000000c0000000,0x00000000c3784dd0,0x00000000ca700000)
 Metaspace       used 6495K, capacity 7280K, committed 7552K, reserved 1056768K
  class space    used 594K, capacity 616K, committed 640K, reserved 1048576K
Event: 2.878 GC heap after
Heap after GC invocations=8 (full 0):
 PSYoungGen      total 252928K, used 58359K [0x00000000eab00000, 0x0000000100000000, 0x0000000100000000)
  eden space 194560K, 0% used [0x00000000eab00000,0x00000000eab00000,0x00000000f6900000)
  from space 58368K, 99% used [0x00000000fc700000,0x00000000ffffdd38,0x0000000100000000)
  to   space 77312K, 0% used [0x00000000f6900000,0x00000000f6900000,0x00000000fb480000)
 ParOldGen       total 171008K, used 73571K [0x00000000c0000000, 0x00000000ca700000, 0x00000000eab00000)
  object space 171008K, 43% used [0x00000000c0000000,0x00000000c47d8e00,0x00000000ca700000)
 Metaspace       used 6495K, capacity 7280K, committed 7552K, reserved 1056768K
  class space    used 594K, capacity 616K, committed 640K, reserved 1048576K
}
Event: 3.255 GC heap before
{Heap before GC invocations=9 (full 0):
 PSYoungGen      total 252928K, used 252919K [0x00000000eab00000, 0x0000000100000000, 0x0000000100000000)
  eden space 194560K, 100% used [0x00000000eab00000,0x00000000f6900000,0x00000000f6900000)
  from space 58368K, 99% used [0x00000000fc700000,0x00000000ffffdd38,0x0000000100000000)
  to   space 77312K, 0% used [0x00000000f6900000,0x00000000f6900000,0x00000000fb480000)
 ParOldGen       total 171008K, used 73571K [0x00000000c0000000, 0x00000000ca700000, 0x00000000eab00000)
  object space 171008K, 43% used [0x00000000c0000000,0x00000000c47d8e00,0x00000000ca700000)
 Metaspace       used 6520K, capacity 7280K, committed 7552K, reserved 1056768K
  class space    used 594K, capacity 616K, committed 640K, reserved 1048576K
Event: 3.324 GC heap after
Heap after GC invocations=9 (full 0):
 PSYoungGen      total 265216K, used 70556K [0x00000000eab00000, 0x0000000100000000, 0x0000000100000000)
  eden space 194560K, 0% used [0x00000000eab00000,0x00000000eab00000,0x00000000f6900000)
  from space 70656K, 99% used [0x00000000f6900000,0x00000000fade71b0,0x00000000fae00000)
  to   space 83968K, 0% used [0x00000000fae00000,0x00000000fae00000,0x0000000100000000)
 ParOldGen       total 171008K, used 89186K [0x00000000c0000000, 0x00000000ca700000, 0x00000000eab00000)
  object space 171008K, 52% used [0x00000000c0000000,0x00000000c5718980,0x00000000ca700000)
 Metaspace       used 6520K, capacity 7280K, committed 7552K, reserved 1056768K
  class space    used 594K, capacity 616K, committed 640K, reserved 1048576K
}
Event: 3.664 GC heap before
{Heap before GC invocations=10 (full 0):
 PSYoungGen      total 265216K, used 265116K [0x00000000eab00000, 0x0000000100000000, 0x0000000100000000)
  eden space 194560K, 100% used [0x00000000eab00000,0x00000000f6900000,0x00000000f6900000)
  from space 70656K, 99% used [0x00000000f6900000,0x00000000fade71b0,0x00000000fae00000)
  to   space 83968K, 0% used [0x00000000fae00000,0x00000000fae00000,0x0000000100000000)
 ParOldGen       total 171008K, used 89186K [0x00000000c0000000, 0x00000000ca700000, 0x00000000eab00000)
  object space 171008K, 52% used [0x00000000c0000000,0x00000000c5718980,0x00000000ca700000)
 Metaspace       used 6528K, capacity 7280K, committed 7552K, reserved 1056768K
  class space    used 594K, capacity 616K, committed 640K, reserved 1048576K
Event: 3.766 GC heap after
Heap after GC invocations=10 (full 0):
 PSYoungGen      total 250880K, used 54729K [0x00000000eab00000, 0x0000000100000000, 0x0000000100000000)
  eden space 166912K, 0% used [0x00000000eab00000,0x00000000eab00000,0x00000000f4e00000)
  from space 83968K, 65% used [0x00000000fae00000,0x00000000fe372480,0x0000000100000000)
  to   space 91136K, 0% used [0x00000000f4e00000,0x00000000f4e00000,0x00000000fa700000)
 ParOldGen       total 171008K, used 131385K [0x00000000c0000000, 0x00000000ca700000, 0x00000000eab00000)
  object space 171008K, 76% used [0x00000000c0000000,0x00000000c804e578,0x00000000ca700000)
 Metaspace       used 6528K, capacity 7280K, committed 7552K, reserved 1056768K
  class space    used 594K, capacity 616K, committed 640K, reserved 1048576K
}
Event: 3.856 GC heap before
{Heap before GC invocations=11 (full 0):
 PSYoungGen      total 250880K, used 221641K [0x00000000eab00000, 0x0000000100000000, 0x0000000100000000)
  eden space 166912K, 100% used [0x00000000eab00000,0x00000000f4e00000,0x00000000f4e00000)
  from space 83968K, 65% used [0x00000000fae00000,0x00000000fe372480,0x0000000100000000)
  to   space 91136K, 0% used [0x00000000f4e00000,0x00000000f4e00000,0x00000000fa700000)
 ParOldGen       total 171008K, used 131385K [0x00000000c0000000, 0x00000000ca700000, 0x00000000eab00000)
  object space 171008K, 76% used [0x00000000c0000000,0x00000000c804e578,0x00000000ca700000)
 Metaspace       used 6532K, capacity 7280K, committed 7552K, reserved 1056768K
  class space    used 595K, capacity 616K, committed 640K, reserved 1048576K
Event: 3.914 GC heap after
Heap after GC invocations=11 (full 0):
 PSYoungGen      total 258048K, used 7186K [0x00000000eab00000, 0x0000000100000000, 0x0000000100000000)
  eden space 166912K, 0% used [0x00000000eab00000,0x00000000eab00000,0x00000000f4e00000)
  from space 91136K, 7% used [0x00000000f4e00000,0x00000000f5504980,0x00000000fa700000)
  to   space 90624K, 0% used [0x00000000fa780000,0x00000000fa780000,0x0000000100000000)
 ParOldGen       total 185856K, used 185352K [0x00000000c0000000, 0x00000000cb580000, 0x00000000eab00000)
  object space 185856K, 99% used [0x00000000c0000000,0x00000000cb502380,0x00000000cb580000)
 Metaspace       used 6532K, capacity 7280K, committed 7552K, reserved 1056768K
  class space    used 595K, capacity 616K, committed 640K, reserved 1048576K
}
Event: 3.914 GC heap before
{Heap before GC invocations=12 (full 1):
 PSYoungGen      total 258048K, used 7186K [0x00000000eab00000, 0x0000000100000000, 0x0000000100000000)
  eden space 166912K, 0% used [0x00000000eab00000,0x00000000eab00000,0x00000000f4e00000)
  from space 91136K, 7% used [0x00000000f4e00000,0x00000000f5504980,0x00000000fa700000)
  to   space 90624K, 0% used [0x00000000fa780000,0x00000000fa780000,0x0000000100000000)
 ParOldGen       total 185856K, used 185352K [0x00000000c0000000, 0x00000000cb580000, 0x00000000eab00000)
  object space 185856K, 99% used [0x00000000c0000000,0x00000000cb502380,0x00000000cb580000)
 Metaspace       used 6532K, capacity 7280K, committed 7552K, reserved 1056768K
  class space    used 595K, capacity 616K, committed 640K, reserved 1048576K

Deoptimization events (10 events):
Event: 2.148 Thread 0x00007fcf2800a800 Uncommon trap: reason=bimorphic action=maybe_recompile pc=0x00007fcf18b46f6c method=com.android.dx.cf.code.BytecodeArray.parseInstruction(ILcom/android/dx/cf/code/BytecodeArray$Visitor;)I @ 1597
Event: 2.230 Thread 0x00007fcf2800a800 Uncommon trap: reason=unstable_if action=reinterpret pc=0x00007fcf18b75c50 method=java.util.BitSet.clone()Ljava/lang/Object; @ 4
Event: 2.440 Thread 0x00007fcf281c7800 Uncommon trap: reason=unstable_if action=reinterpret pc=0x00007fcf18b654a4 method=com.android.dx.rop.cst.CstNat.equals(Ljava/lang/Object;)Z @ 25
Event: 3.439 Thread 0x00007fcf281ce800 Uncommon trap: reason=bimorphic action=maybe_recompile pc=0x00007fcf18be8bd8 method=com.android.dx.cf.code.BytecodeArray.parseInstruction(ILcom/android/dx/cf/code/BytecodeArray$Visitor;)I @ 2554
Event: 3.439 Thread 0x00007fcf281ce800 Uncommon trap: reason=class_check action=maybe_recompile pc=0x00007fcf18be5ed4 method=com.android.dx.cf.code.BytecodeArray.parseInstruction(ILcom/android/dx/cf/code/BytecodeArray$Visitor;)I @ 2047
Event: 3.439 Thread 0x00007fcf281ce800 Uncommon trap: reason=bimorphic action=maybe_recompile pc=0x00007fcf18be8bd8 method=com.android.dx.cf.code.BytecodeArray.parseInstruction(ILcom/android/dx/cf/code/BytecodeArray$Visitor;)I @ 2554
Event: 3.806 Thread 0x00007fcf2800a800 Uncommon trap: reason=unstable_if action=reinterpret pc=0x00007fcf184f60f4 method=java.util.zip.ZipCoder.decoder()Ljava/nio/charset/CharsetDecoder; @ 4
Event: 3.806 Thread 0x00007fcf2800a800 Uncommon trap: reason=unstable_if action=reinterpret pc=0x00007fcf184dc138 method=java.util.zip.ZipEntry.setExtra0([BZ)V @ 1
Event: 3.808 Thread 0x00007fcf281cd000 Uncommon trap: reason=class_check action=maybe_recompile pc=0x00007fcf18cd4330 method=com.android.dx.ssa.SCCP.simulateBranch(Lcom/android/dx/ssa/SsaInsn;)V @ 339
Event: 3.826 Thread 0x00007fcf281cd000 Uncommon trap: reason=class_check action=maybe_recompile pc=0x00007fcf18cd4330 method=com.android.dx.ssa.SCCP.simulateBranch(Lcom/android/dx/ssa/SsaInsn;)V @ 339

Internal exceptions (10 events):
Event: 0.018 Thread 0x00007fcf2800a800 Exception <a 'java/lang/NoSuchMethodError': Method sun.misc.Unsafe.defineClass(Ljava/lang/String;[BII)Ljava/lang/Class; name or signature does not match> (0x00000000eab07cc0) thrown at [/build/openjdk-8-YNUxN3/openjdk-8-8u72-b15/src/hotspot/src/share/vm/p
Event: 0.018 Thread 0x00007fcf2800a800 Exception <a 'java/lang/NoSuchMethodError': Method sun.misc.Unsafe.prefetchRead(Ljava/lang/Object;J)V name or signature does not match> (0x00000000eab07fa8) thrown at [/build/openjdk-8-YNUxN3/openjdk-8-8u72-b15/src/hotspot/src/share/vm/prims/jni.cpp, line
Event: 0.043 Thread 0x00007fcf2800a800 Exception <a 'java/util/zip/ZipException'> (0x00000000eab58310) thrown at [/build/openjdk-8-YNUxN3/openjdk-8-8u72-b15/src/hotspot/src/share/vm/prims/jni.cpp, line 709]
Event: 0.044 Thread 0x00007fcf2800a800 Exception <a 'java/security/PrivilegedActionException'> (0x00000000eab585b0) thrown at [/build/openjdk-8-YNUxN3/openjdk-8-8u72-b15/src/hotspot/src/share/vm/prims/jvm.cpp, line 1386]
Event: 0.044 Thread 0x00007fcf2800a800 Exception <a 'java/security/PrivilegedActionException'> (0x00000000eab587c0) thrown at [/build/openjdk-8-YNUxN3/openjdk-8-8u72-b15/src/hotspot/src/share/vm/prims/jvm.cpp, line 1386]
Event: 0.691 Thread 0x00007fcf281ce800 Implicit null exception at 0x00007fcf1866723d to 0x00007fcf1866a165
Event: 0.733 Thread 0x00007fcf281cd000 Implicit null exception at 0x00007fcf18695d4c to 0x00007fcf18698469
Event: 0.817 Thread 0x00007fcf281c7800 Exception <a 'java/lang/ArrayIndexOutOfBoundsException': 18> (0x00000000ec049b30) thrown at [/build/openjdk-8-YNUxN3/openjdk-8-8u72-b15/src/hotspot/src/share/vm/interpreter/interpreterRuntime.cpp, line 366]
Event: 0.817 Thread 0x00007fcf281c7800 Exception <a 'java/lang/ArrayIndexOutOfBoundsException': 145> (0x00000000ec04b6b0) thrown at [/build/openjdk-8-YNUxN3/openjdk-8-8u72-b15/src/hotspot/src/share/vm/interpreter/interpreterRuntime.cpp, line 366]
Event: 0.818 Thread 0x00007fcf281c7800 Exception <a 'java/lang/ArrayIndexOutOfBoundsException': 40> (0x00000000ec04c998) thrown at [/build/openjdk-8-YNUxN3/openjdk-8-8u72-b15/src/hotspot/src/share/vm/interpreter/interpreterRuntime.cpp, line 366]

Events (10 events):
Event: 3.806 Thread 0x00007fcf2800a800 DEOPT UNPACKING pc=0x00007fcf18390f69 sp=0x00007fcf2ea09240 mode 2
Event: 3.808 Thread 0x00007fcf281cd000 Uncommon trap: trap_request=0xffffffde fr.pc=0x00007fcf18cd4330
Event: 3.808 Thread 0x00007fcf281cd000 DEOPT PACKING pc=0x00007fcf18cd4330 sp=0x00007fcf06b40f20
Event: 3.808 Thread 0x00007fcf281cd000 DEOPT UNPACKING pc=0x00007fcf18390f69 sp=0x00007fcf06b40f48 mode 2
Event: 3.825 Thread 0x00007fcf281cd000 DEOPT PACKING pc=0x00007fcf18872c16 sp=0x00007fcf06b40de0
Event: 3.825 Thread 0x00007fcf281cd000 DEOPT UNPACKING pc=0x00007fcf183d3373 sp=0x00007fcf06b40c40 mode 0
Event: 3.826 Thread 0x00007fcf281cd000 Uncommon trap: trap_request=0xffffffde fr.pc=0x00007fcf18cd4330
Event: 3.826 Thread 0x00007fcf281cd000 DEOPT PACKING pc=0x00007fcf18cd4330 sp=0x00007fcf06b40f20
Event: 3.826 Thread 0x00007fcf281cd000 DEOPT UNPACKING pc=0x00007fcf18390f69 sp=0x00007fcf06b40f48 mode 2
Event: 3.856 Executing VM operation: ParallelGCFailedAllocation


Dynamic libraries:
00400000-00401000 r-xp 00000000 08:01 10617214                           /usr/lib/jvm/java-8-openjdk-amd64/jre/bin/java
00600000-00601000 r--p 00000000 08:01 10617214                           /usr/lib/jvm/java-8-openjdk-amd64/jre/bin/java
00601000-00602000 rw-p 00001000 08:01 10617214                           /usr/lib/jvm/java-8-openjdk-amd64/jre/bin/java
01859000-0187a000 rw-p 00000000 00:00 0                                  [heap]
c0000000-cb580000 rw-p 00000000 00:00 0 
cb580000-eab00000 ---p 00000000 00:00 0 
eab00000-100000000 rw-p 00000000 00:00 0 
100000000-1000a0000 rw-p 00000000 00:00 0 
1000a0000-140000000 ---p 00000000 00:00 0 
7fcec8000000-7fcec8021000 rw-p 00000000 00:00 0 
7fcec8021000-7fcecc000000 ---p 00000000 00:00 0 
7fcecc000000-7fcecc021000 rw-p 00000000 00:00 0 
7fcecc021000-7fced0000000 ---p 00000000 00:00 0 
7fced0000000-7fced0021000 rw-p 00000000 00:00 0 
7fced0021000-7fced4000000 ---p 00000000 00:00 0 
7fced4000000-7fced4038000 rw-p 00000000 00:00 0 
7fced4038000-7fced8000000 ---p 00000000 00:00 0 
7fced8000000-7fced8021000 rw-p 00000000 00:00 0 
7fced8021000-7fcedc000000 ---p 00000000 00:00 0 
7fcedc000000-7fcedc035000 rw-p 00000000 00:00 0 
7fcedc035000-7fcee0000000 ---p 00000000 00:00 0 
7fcee0000000-7fcee09c2000 rw-p 00000000 00:00 0 
7fcee09c2000-7fcee4000000 ---p 00000000 00:00 0 
7fcee4000000-7fcee4021000 rw-p 00000000 00:00 0 
7fcee4021000-7fcee8000000 ---p 00000000 00:00 0 
7fcee8000000-7fcee947f000 rw-p 00000000 00:00 0 
7fcee947f000-7fceec000000 ---p 00000000 00:00 0 
7fceec000000-7fceece22000 rw-p 00000000 00:00 0 
7fceece22000-7fcef0000000 ---p 00000000 00:00 0 
7fcef0000000-7fcef0021000 rw-p 00000000 00:00 0 
7fcef0021000-7fcef4000000 ---p 00000000 00:00 0 
7fcef4000000-7fcef4021000 rw-p 00000000 00:00 0 
7fcef4021000-7fcef8000000 ---p 00000000 00:00 0 
7fcef8000000-7fcef8021000 rw-p 00000000 00:00 0 
7fcef8021000-7fcefc000000 ---p 00000000 00:00 0 
7fcefc000000-7fcefc021000 rw-p 00000000 00:00 0 
7fcefc021000-7fcf00000000 ---p 00000000 00:00 0 
7fcf00000000-7fcf00021000 rw-p 00000000 00:00 0 
7fcf00021000-7fcf04000000 ---p 00000000 00:00 0 
7fcf06941000-7fcf06944000 ---p 00000000 00:00 0 
7fcf06944000-7fcf06a42000 rw-p 00000000 00:00 0                          [stack:28329]
7fcf06a42000-7fcf06a45000 ---p 00000000 00:00 0 
7fcf06a45000-7fcf06b43000 rw-p 00000000 00:00 0                          [stack:28328]
7fcf06b43000-7fcf06b46000 ---p 00000000 00:00 0 
7fcf06b46000-7fcf06c44000 rw-p 00000000 00:00 0                          [stack:28327]
7fcf06c44000-7fcf06c47000 ---p 00000000 00:00 0 
7fcf06c47000-7fcf06d45000 rw-p 00000000 00:00 0                          [stack:28326]
7fcf06d45000-7fcf06d48000 ---p 00000000 00:00 0 
7fcf06d48000-7fcf06e46000 rw-p 00000000 00:00 0                          [stack:28325]
7fcf06e70000-7fcf06f7a000 r--s 00aad000 08:01 18352208                   /home/atlas/Documents/github/Android/GooglemapFollowWe/Project_FollowWe/app/build/intermediates/transforms/jarMerging/debug/jars/1/1f/combined.jar
7fcf06f7a000-7fcf06f7b000 ---p 00000000 00:00 0 
7fcf06f7b000-7fcf0707b000 rw-p 00000000 00:00 0                          [stack:28323]
7fcf0707b000-7fcf0707e000 ---p 00000000 00:00 0 
7fcf0707e000-7fcf0717c000 rw-p 00000000 00:00 0                          [stack:28322]
7fcf0717c000-7fcf0717f000 ---p 00000000 00:00 0 
7fcf0717f000-7fcf0727d000 rw-p 00000000 00:00 0                          [stack:28321]
7fcf0727d000-7fcf07280000 ---p 00000000 00:00 0 
7fcf07280000-7fcf0737e000 rw-p 00000000 00:00 0                          [stack:28320]
7fcf0737e000-7fcf07381000 ---p 00000000 00:00 0 
7fcf07381000-7fcf0747f000 rw-p 00000000 00:00 0                          [stack:28319]
7fcf0747f000-7fcf07482000 ---p 00000000 00:00 0 
7fcf07482000-7fcf07580000 rw-p 00000000 00:00 0                          [stack:28318]
7fcf07580000-7fcf079fa000 r--p 00000000 08:01 27790224                   /usr/lib/locale/locale-archive
7fcf079fa000-7fcf079fd000 ---p 00000000 00:00 0 
7fcf079fd000-7fcf07afb000 rw-p 00000000 00:00 0                          [stack:28317]
7fcf07afb000-7fcf07afe000 ---p 00000000 00:00 0 
7fcf07afe000-7fcf07bfc000 rw-p 00000000 00:00 0                          [stack:28316]
7fcf07bfc000-7fcf07bfd000 ---p 00000000 00:00 0 
7fcf07bfd000-7fcf08000000 rw-p 00000000 00:00 0                          [stack:28315]
7fcf08000000-7fcf08021000 rw-p 00000000 00:00 0 
7fcf08021000-7fcf0c000000 ---p 00000000 00:00 0 
7fcf0c000000-7fcf0c021000 rw-p 00000000 00:00 0 
7fcf0c021000-7fcf10000000 ---p 00000000 00:00 0 
7fcf10000000-7fcf10021000 rw-p 00000000 00:00 0 
7fcf10021000-7fcf14000000 ---p 00000000 00:00 0 
7fcf14005000-7fcf14006000 rw-p 00000000 00:00 0 
7fcf14006000-7fcf14015000 r--s 000df000 08:01 7738109                    /home/atlas/Android/Sdk/build-tools/23.0.3/lib/dx.jar
7fcf14015000-7fcf14030000 r--s 001d7000 08:01 10617523                   /usr/lib/jvm/java-8-openjdk-amd64/jre/lib/ext/nashorn.jar
7fcf14030000-7fcf1404c000 r--s 00393000 08:01 10617525                   /usr/lib/jvm/java-8-openjdk-amd64/jre/lib/ext/cldrdata.jar
7fcf1404c000-7fcf14056000 r--s 00116000 08:01 10617531                   /usr/lib/jvm/java-8-openjdk-amd64/jre/lib/ext/localedata.jar
7fcf14056000-7fcf14ca4000 rw-p 00000000 00:00 0 
7fcf14ca4000-7fcf14e71000 r--s 03be5000 08:01 10617511                   /usr/lib/jvm/java-8-openjdk-amd64/jre/lib/rt.jar
7fcf14e71000-7fcf15531000 rw-p 00000000 00:00 0 
7fcf15531000-7fcf15671000 ---p 00000000 00:00 0 
7fcf15671000-7fcf17871000 rw-p 00000000 00:00 0 
7fcf17871000-7fcf17872000 ---p 00000000 00:00 0 
7fcf17872000-7fcf17972000 rw-p 00000000 00:00 0                          [stack:28314]
7fcf17972000-7fcf17973000 ---p 00000000 00:00 0 
7fcf17973000-7fcf17a73000 rw-p 00000000 00:00 0                          [stack:28313]
7fcf17a73000-7fcf17a74000 ---p 00000000 00:00 0 
7fcf17a74000-7fcf17b74000 rw-p 00000000 00:00 0                          [stack:28312]
7fcf17b74000-7fcf17b75000 ---p 00000000 00:00 0 
7fcf17b75000-7fcf17cd0000 rw-p 00000000 00:00 0                          [stack:28311]
7fcf17cd0000-7fcf17dcb000 ---p 00000000 00:00 0 
7fcf17dcb000-7fcf17e26000 rw-p 00000000 00:00 0 
7fcf17e26000-7fcf17f20000 ---p 00000000 00:00 0 
7fcf17f20000-7fcf17fcb000 rw-p 00000000 00:00 0 
7fcf17fcb000-7fcf17ff4000 rw-p 00000000 00:00 0 
7fcf17ff4000-7fcf1838c000 ---p 00000000 00:00 0 
7fcf1838c000-7fcf18d6c000 rwxp 00000000 00:00 0 
7fcf18d6c000-7fcf2738c000 ---p 00000000 00:00 0 
7fcf2738c000-7fcf27394000 r-xp 00000000 08:01 10617246                   /usr/lib/jvm/java-8-openjdk-amd64/jre/lib/amd64/libzip.so
7fcf27394000-7fcf27593000 ---p 00008000 08:01 10617246                   /usr/lib/jvm/java-8-openjdk-amd64/jre/lib/amd64/libzip.so
7fcf27593000-7fcf27594000 r--p 00007000 08:01 10617246                   /usr/lib/jvm/java-8-openjdk-amd64/jre/lib/amd64/libzip.so
7fcf27594000-7fcf27595000 rw-p 00008000 08:01 10617246                   /usr/lib/jvm/java-8-openjdk-amd64/jre/lib/amd64/libzip.so
7fcf27595000-7fcf275a0000 r-xp 00000000 08:01 3015557                    /lib/x86_64-linux-gnu/libnss_files-2.19.so
7fcf275a0000-7fcf2779f000 ---p 0000b000 08:01 3015557                    /lib/x86_64-linux-gnu/libnss_files-2.19.so
7fcf2779f000-7fcf277a0000 r--p 0000a000 08:01 3015557                    /lib/x86_64-linux-gnu/libnss_files-2.19.so
7fcf277a0000-7fcf277a1000 rw-p 0000b000 08:01 3015557                    /lib/x86_64-linux-gnu/libnss_files-2.19.so
7fcf277a1000-7fcf277ac000 r-xp 00000000 08:01 3015063                    /lib/x86_64-linux-gnu/libnss_nis-2.19.so
7fcf277ac000-7fcf279ab000 ---p 0000b000 08:01 3015063                    /lib/x86_64-linux-gnu/libnss_nis-2.19.so
7fcf279ab000-7fcf279ac000 r--p 0000a000 08:01 3015063                    /lib/x86_64-linux-gnu/libnss_nis-2.19.so
7fcf279ac000-7fcf279ad000 rw-p 0000b000 08:01 3015063                    /lib/x86_64-linux-gnu/libnss_nis-2.19.so
7fcf279ad000-7fcf279c4000 r-xp 00000000 08:01 3014778                    /lib/x86_64-linux-gnu/libnsl-2.19.so
7fcf279c4000-7fcf27bc3000 ---p 00017000 08:01 3014778                    /lib/x86_64-linux-gnu/libnsl-2.19.so
7fcf27bc3000-7fcf27bc4000 r--p 00016000 08:01 3014778                    /lib/x86_64-linux-gnu/libnsl-2.19.so
7fcf27bc4000-7fcf27bc5000 rw-p 00017000 08:01 3014778                    /lib/x86_64-linux-gnu/libnsl-2.19.so
7fcf27bc5000-7fcf27bc7000 rw-p 00000000 00:00 0 
7fcf27bc7000-7fcf27bd0000 r-xp 00000000 08:01 3014729                    /lib/x86_64-linux-gnu/libnss_compat-2.19.so
7fcf27bd0000-7fcf27dcf000 ---p 00009000 08:01 3014729                    /lib/x86_64-linux-gnu/libnss_compat-2.19.so
7fcf27dcf000-7fcf27dd0000 r--p 00008000 08:01 3014729                    /lib/x86_64-linux-gnu/libnss_compat-2.19.so
7fcf27dd0000-7fcf27dd1000 rw-p 00009000 08:01 3014729                    /lib/x86_64-linux-gnu/libnss_compat-2.19.so
7fcf27dd1000-7fcf27dfd000 r-xp 00000000 08:01 10617231                   /usr/lib/jvm/java-8-openjdk-amd64/jre/lib/amd64/libjava.so
7fcf27dfd000-7fcf27ffd000 ---p 0002c000 08:01 10617231                   /usr/lib/jvm/java-8-openjdk-amd64/jre/lib/amd64/libjava.so
7fcf27ffd000-7fcf27ffe000 r--p 0002c000 08:01 10617231                   /usr/lib/jvm/java-8-openjdk-amd64/jre/lib/amd64/libjava.so
7fcf27ffe000-7fcf28000000 rw-p 0002d000 08:01 10617231                   /usr/lib/jvm/java-8-openjdk-amd64/jre/lib/amd64/libjava.so
7fcf28000000-7fcf282de000 rw-p 00000000 00:00 0 
7fcf282de000-7fcf2c000000 ---p 00000000 00:00 0 
7fcf2c000000-7fcf2c006000 r--s 0003a000 08:01 10617529                   /usr/lib/jvm/java-8-openjdk-amd64/jre/lib/ext/sunjce_provider.jar
7fcf2c006000-7fcf2c008000 r--s 00006000 08:01 28050369                   /usr/share/java/java-atk-wrapper.jar
7fcf2c008000-7fcf2c00b000 r--s 0000f000 08:01 10617530                   /usr/lib/jvm/java-8-openjdk-amd64/jre/lib/ext/icedtea-sound.jar
7fcf2c00b000-7fcf2c0e4000 rw-p 00000000 00:00 0 
7fcf2c0e4000-7fcf2c0f4000 r-xp 00000000 08:01 10617232                   /usr/lib/jvm/java-8-openjdk-amd64/jre/lib/amd64/libverify.so
7fcf2c0f4000-7fcf2c2f3000 ---p 00010000 08:01 10617232                   /usr/lib/jvm/java-8-openjdk-amd64/jre/lib/amd64/libverify.so
7fcf2c2f3000-7fcf2c2f5000 r--p 0000f000 08:01 10617232                   /usr/lib/jvm/java-8-openjdk-amd64/jre/lib/amd64/libverify.so
7fcf2c2f5000-7fcf2c2f6000 rw-p 00011000 08:01 10617232                   /usr/lib/jvm/java-8-openjdk-amd64/jre/lib/amd64/libverify.so
7fcf2c2f6000-7fcf2c2fd000 r-xp 00000000 08:01 3015194                    /lib/x86_64-linux-gnu/librt-2.19.so
7fcf2c2fd000-7fcf2c4fc000 ---p 00007000 08:01 3015194                    /lib/x86_64-linux-gnu/librt-2.19.so
7fcf2c4fc000-7fcf2c4fd000 r--p 00006000 08:01 3015194                    /lib/x86_64-linux-gnu/librt-2.19.so
7fcf2c4fd000-7fcf2c4fe000 rw-p 00007000 08:01 3015194                    /lib/x86_64-linux-gnu/librt-2.19.so
7fcf2c4fe000-7fcf2c514000 r-xp 00000000 08:01 3015117                    /lib/x86_64-linux-gnu/libgcc_s.so.1
7fcf2c514000-7fcf2c713000 ---p 00016000 08:01 3015117                    /lib/x86_64-linux-gnu/libgcc_s.so.1
7fcf2c713000-7fcf2c714000 rw-p 00015000 08:01 3015117                    /lib/x86_64-linux-gnu/libgcc_s.so.1
7fcf2c714000-7fcf2c819000 r-xp 00000000 08:01 3014682                    /lib/x86_64-linux-gnu/libm-2.19.so
7fcf2c819000-7fcf2ca18000 ---p 00105000 08:01 3014682                    /lib/x86_64-linux-gnu/libm-2.19.so
7fcf2ca18000-7fcf2ca19000 r--p 00104000 08:01 3014682                    /lib/x86_64-linux-gnu/libm-2.19.so
7fcf2ca19000-7fcf2ca1a000 rw-p 00105000 08:01 3014682                    /lib/x86_64-linux-gnu/libm-2.19.so
7fcf2ca1a000-7fcf2cb00000 r-xp 00000000 08:01 27793694                   /usr/lib/x86_64-linux-gnu/libstdc++.so.6.0.19
7fcf2cb00000-7fcf2ccff000 ---p 000e6000 08:01 27793694                   /usr/lib/x86_64-linux-gnu/libstdc++.so.6.0.19
7fcf2ccff000-7fcf2cd07000 r--p 000e5000 08:01 27793694                   /usr/lib/x86_64-linux-gnu/libstdc++.so.6.0.19
7fcf2cd07000-7fcf2cd09000 rw-p 000ed000 08:01 27793694                   /usr/lib/x86_64-linux-gnu/libstdc++.so.6.0.19
7fcf2cd09000-7fcf2cd1e000 rw-p 00000000 00:00 0 
7fcf2cd1e000-7fcf2d90a000 r-xp 00000000 08:01 10617244                   /usr/lib/jvm/java-8-openjdk-amd64/jre/lib/amd64/server/libjvm.so
7fcf2d90a000-7fcf2db0a000 ---p 00bec000 08:01 10617244                   /usr/lib/jvm/java-8-openjdk-amd64/jre/lib/amd64/server/libjvm.so
7fcf2db0a000-7fcf2dba8000 r--p 00bec000 08:01 10617244                   /usr/lib/jvm/java-8-openjdk-amd64/jre/lib/amd64/server/libjvm.so
7fcf2dba8000-7fcf2dbd1000 rw-p 00c8a000 08:01 10617244                   /usr/lib/jvm/java-8-openjdk-amd64/jre/lib/amd64/server/libjvm.so
7fcf2dbd1000-7fcf2dc01000 rw-p 00000000 00:00 0 
7fcf2dc01000-7fcf2dc1a000 r-xp 00000000 08:01 3015024                    /lib/x86_64-linux-gnu/libpthread-2.19.so
7fcf2dc1a000-7fcf2de19000 ---p 00019000 08:01 3015024                    /lib/x86_64-linux-gnu/libpthread-2.19.so
7fcf2de19000-7fcf2de1a000 r--p 00018000 08:01 3015024                    /lib/x86_64-linux-gnu/libpthread-2.19.so
7fcf2de1a000-7fcf2de1b000 rw-p 00019000 08:01 3015024                    /lib/x86_64-linux-gnu/libpthread-2.19.so
7fcf2de1b000-7fcf2de1f000 rw-p 00000000 00:00 0 
7fcf2de1f000-7fcf2de22000 r-xp 00000000 08:01 3014706                    /lib/x86_64-linux-gnu/libdl-2.19.so
7fcf2de22000-7fcf2e021000 ---p 00003000 08:01 3014706                    /lib/x86_64-linux-gnu/libdl-2.19.so
7fcf2e021000-7fcf2e022000 r--p 00002000 08:01 3014706                    /lib/x86_64-linux-gnu/libdl-2.19.so
7fcf2e022000-7fcf2e023000 rw-p 00003000 08:01 3014706                    /lib/x86_64-linux-gnu/libdl-2.19.so
7fcf2e023000-7fcf2e03b000 r-xp 00000000 08:01 3015088                    /lib/x86_64-linux-gnu/libz.so.1.2.8
7fcf2e03b000-7fcf2e23a000 ---p 00018000 08:01 3015088                    /lib/x86_64-linux-gnu/libz.so.1.2.8
7fcf2e23a000-7fcf2e23b000 r--p 00017000 08:01 3015088                    /lib/x86_64-linux-gnu/libz.so.1.2.8
7fcf2e23b000-7fcf2e23c000 rw-p 00018000 08:01 3015088                    /lib/x86_64-linux-gnu/libz.so.1.2.8
7fcf2e23c000-7fcf2e3f7000 r-xp 00000000 08:01 3015196                    /lib/x86_64-linux-gnu/libc-2.19.so
7fcf2e3f7000-7fcf2e5f6000 ---p 001bb000 08:01 3015196                    /lib/x86_64-linux-gnu/libc-2.19.so
7fcf2e5f6000-7fcf2e5fa000 r--p 001ba000 08:01 3015196                    /lib/x86_64-linux-gnu/libc-2.19.so
7fcf2e5fa000-7fcf2e5fc000 rw-p 001be000 08:01 3015196                    /lib/x86_64-linux-gnu/libc-2.19.so
7fcf2e5fc000-7fcf2e601000 rw-p 00000000 00:00 0 
7fcf2e601000-7fcf2e60e000 r-xp 00000000 08:01 10617446                   /usr/lib/jvm/java-8-openjdk-amd64/jre/lib/amd64/jli/libjli.so
7fcf2e60e000-7fcf2e80e000 ---p 0000d000 08:01 10617446                   /usr/lib/jvm/java-8-openjdk-amd64/jre/lib/amd64/jli/libjli.so
7fcf2e80e000-7fcf2e80f000 r--p 0000d000 08:01 10617446                   /usr/lib/jvm/java-8-openjdk-amd64/jre/lib/amd64/jli/libjli.so
7fcf2e80f000-7fcf2e810000 rw-p 0000e000 08:01 10617446                   /usr/lib/jvm/java-8-openjdk-amd64/jre/lib/amd64/jli/libjli.so
7fcf2e810000-7fcf2e833000 r-xp 00000000 08:01 3015056                    /lib/x86_64-linux-gnu/ld-2.19.so
7fcf2e833000-7fcf2e834000 r--s 00008000 08:01 10617526                   /usr/lib/jvm/java-8-openjdk-amd64/jre/lib/ext/sunec.jar
7fcf2e834000-7fcf2e835000 r--s 0000a000 08:01 10617527                   /usr/lib/jvm/java-8-openjdk-amd64/jre/lib/ext/jaccess.jar
7fcf2e835000-7fcf2e839000 r--s 00037000 08:01 10617532                   /usr/lib/jvm/java-8-openjdk-amd64/jre/lib/ext/sunpkcs11.jar
7fcf2e839000-7fcf2e83a000 r--s 00010000 08:01 10617528                   /usr/lib/jvm/java-8-openjdk-amd64/jre/lib/ext/zipfs.jar
7fcf2e83a000-7fcf2e90a000 rw-p 00000000 00:00 0 
7fcf2e90a000-7fcf2e90d000 ---p 00000000 00:00 0 
7fcf2e90d000-7fcf2ea10000 rw-p 00000000 00:00 0                          [stack:28310]
7fcf2ea10000-7fcf2ea12000 r--s 00001000 08:01 10617524                   /usr/lib/jvm/java-8-openjdk-amd64/jre/lib/ext/dnsns.jar
7fcf2ea12000-7fcf2ea26000 rw-p 00000000 00:00 0 
7fcf2ea26000-7fcf2ea2e000 rw-s 00000000 08:01 13243412                   /tmp/hsperfdata_atlas/28305
7fcf2ea2e000-7fcf2ea2f000 rw-p 00000000 00:00 0 
7fcf2ea2f000-7fcf2ea30000 ---p 00000000 00:00 0 
7fcf2ea30000-7fcf2ea32000 rw-p 00000000 00:00 0 
7fcf2ea32000-7fcf2ea33000 r--p 00022000 08:01 3015056                    /lib/x86_64-linux-gnu/ld-2.19.so
7fcf2ea33000-7fcf2ea34000 rw-p 00023000 08:01 3015056                    /lib/x86_64-linux-gnu/ld-2.19.so
7fcf2ea34000-7fcf2ea35000 rw-p 00000000 00:00 0 
7ffd90eff000-7ffd90f21000 rw-p 00000000 00:00 0                          [stack]
7ffd90fe4000-7ffd90fe6000 r-xp 00000000 00:00 0                          [vdso]
ffffffffff600000-ffffffffff601000 r-xp 00000000 00:00 0                  [vsyscall]

VM Arguments:
jvm_args: -Djava.awt.headless=true -Xmx1024M -Dfile.encoding=UTF-8 -Duser.country=TW -Duser.language=zh -Duser.variant 
java_command: com.android.dx.command.Main --dex --num-threads=4 --multi-dex --main-dex-list /home/atlas/Documents/github/Android/GooglemapFollowWe/Project_FollowWe/app/build/intermediates/multi-dex/debug/maindexlist.txt --output /home/atlas/Documents/github/Android/GooglemapFollowWe/Project_FollowWe/app/build/intermediates/transforms/dex/debug/folders/1000/1f/main /home/atlas/Documents/github/Android/GooglemapFollowWe/Project_FollowWe/app/build/intermediates/transforms/jarMerging/debug/jars/1/1f/combined.jar
java_class_path (initial): /home/atlas/Android/Sdk/build-tools/23.0.3/lib/dx.jar
Launcher Type: SUN_STANDARD

Environment Variables:
PATH=/home/atlas/.rvm/gems/ruby-2.2.1/bin:/home/atlas/.rvm/gems/ruby-2.2.1@global/bin:/home/atlas/.rvm/rubies/ruby-2.2.1/bin:/home/atlas/bin:/usr/local/sbin:/usr/local/bin:/usr/sbin:/usr/bin:/sbin:/bin:/usr/games:/usr/local/games:/home/atlas/Documents/android-studio/bin:/home/atlas/.rvm/bin
LD_LIBRARY_PATH=/home/atlas/Documents/android-studio/android-studio/bin:
SHELL=/bin/bash
DISPLAY=:0

Signal Handlers:
SIGSEGV: [libjvm.so+0x9f42a0], sa_mask[0]=11111111011111111101111111111110, sa_flags=SA_RESTART|SA_SIGINFO
SIGBUS: [libjvm.so+0x9f42a0], sa_mask[0]=11111111011111111101111111111110, sa_flags=SA_RESTART|SA_SIGINFO
SIGFPE: [libjvm.so+0x8558d0], sa_mask[0]=11111111011111111101111111111110, sa_flags=SA_RESTART|SA_SIGINFO
SIGPIPE: [libjvm.so+0x8558d0], sa_mask[0]=11111111011111111101111111111110, sa_flags=SA_RESTART|SA_SIGINFO
SIGXFSZ: [libjvm.so+0x8558d0], sa_mask[0]=11111111011111111101111111111110, sa_flags=SA_RESTART|SA_SIGINFO
SIGILL: [libjvm.so+0x8558d0], sa_mask[0]=11111111011111111101111111111110, sa_flags=SA_RESTART|SA_SIGINFO
SIGUSR1: SIG_DFL, sa_mask[0]=00000000000000000000000000000000, sa_flags=none
SIGUSR2: [libjvm.so+0x8557a0], sa_mask[0]=00100000000000000000000000000000, sa_flags=SA_RESTART|SA_SIGINFO
SIGHUP: [libjvm.so+0x855990], sa_mask[0]=11111111011111111101111111111110, sa_flags=SA_RESTART|SA_SIGINFO
SIGINT: [libjvm.so+0x855990], sa_mask[0]=11111111011111111101111111111110, sa_flags=SA_RESTART|SA_SIGINFO
SIGTERM: [libjvm.so+0x855990], sa_mask[0]=11111111011111111101111111111110, sa_flags=SA_RESTART|SA_SIGINFO
SIGQUIT: [libjvm.so+0x855990], sa_mask[0]=11111111011111111101111111111110, sa_flags=SA_RESTART|SA_SIGINFO


---------------  S Y S T E M  ---------------

OS:DISTRIB_ID=Ubuntu
DISTRIB_RELEASE=14.04
DISTRIB_CODENAME=trusty
DISTRIB_DESCRIPTION="Ubuntu 14.04.4 LTS"

uname:Linux 3.13.0-79-generic #123-Ubuntu SMP Fri Feb 19 14:27:58 UTC 2016 x86_64
libc:glibc 2.19 NPTL 2.19 
rlimit: STACK 8192k, CORE 0k, NPROC 126833, NOFILE 4096, AS infinity
load average:1.84 0.73 0.42

/proc/meminfo:
MemTotal:       16256320 kB
MemFree:          153108 kB
Buffers:          933624 kB
Cached:          7689076 kB
SwapCached:       262636 kB
Active:          9144620 kB
Inactive:        4887672 kB
Active(anon):    4899032 kB
Inactive(anon):  1112168 kB
Active(file):    4245588 kB
Inactive(file):  3775504 kB
Unevictable:        2100 kB
Mlocked:            2100 kB
SwapTotal:       8206332 kB
SwapFree:        4314932 kB
Dirty:             42936 kB
Writeback:             0 kB
AnonPages:       5333872 kB
Mapped:           318388 kB
Shmem:            601476 kB
Slab:            1848644 kB
SReclaimable:    1767164 kB
SUnreclaim:        81480 kB
KernelStack:        8848 kB
PageTables:        85168 kB
NFS_Unstable:          0 kB
Bounce:                0 kB
WritebackTmp:          0 kB
CommitLimit:    16334492 kB
Committed_AS:   16822752 kB
VmallocTotal:   34359738367 kB
VmallocUsed:      570760 kB
VmallocChunk:   34359152412 kB
HardwareCorrupted:     0 kB
AnonHugePages:   2246656 kB
HugePages_Total:       0
HugePages_Free:        0
HugePages_Rsvd:        0
HugePages_Surp:        0
Hugepagesize:       2048 kB
DirectMap4k:       76500 kB
DirectMap2M:    16521216 kB


CPU:total 4 (4 cores per cpu, 1 threads per core) family 6 model 42 stepping 7, cmov, cx8, fxsr, mmx, sse, sse2, sse3, ssse3, sse4.1, sse4.2, popcnt, avx, aes, clmul, tsc, tscinvbit

/proc/cpuinfo:
processor	: 0
vendor_id	: GenuineIntel
cpu family	: 6
model		: 42
model name	: Intel(R) Core(TM) i5-2500 CPU @ 3.30GHz
stepping	: 7
microcode	: 0x1a
cpu MHz		: 3300.000
cache size	: 6144 KB
physical id	: 0
siblings	: 4
core id		: 0
cpu cores	: 4
apicid		: 0
initial apicid	: 0
fpu		: yes
fpu_exception	: yes
cpuid level	: 13
wp		: yes
flags		: fpu vme de pse tsc msr pae mce cx8 apic sep mtrr pge mca cmov pat pse36 clflush dts acpi mmx fxsr sse sse2 ss ht tm pbe syscall nx rdtscp lm constant_tsc arch_perfmon pebs bts rep_good nopl xtopology nonstop_tsc aperfmperf eagerfpu pni pclmulqdq dtes64 monitor ds_cpl vmx smx est tm2 ssse3 cx16 xtpr pdcm pcid sse4_1 sse4_2 x2apic popcnt tsc_deadline_timer aes xsave avx lahf_lm arat epb xsaveopt pln pts dtherm tpr_shadow vnmi flexpriority ept vpid
bogomips	: 6584.37
clflush size	: 64
cache_alignment	: 64
address sizes	: 36 bits physical, 48 bits virtual
power management:

processor	: 1
vendor_id	: GenuineIntel
cpu family	: 6
model		: 42
model name	: Intel(R) Core(TM) i5-2500 CPU @ 3.30GHz
stepping	: 7
microcode	: 0x1a
cpu MHz		: 3300.000
cache size	: 6144 KB
physical id	: 0
siblings	: 4
core id		: 1
cpu cores	: 4
apicid		: 2
initial apicid	: 2
fpu		: yes
fpu_exception	: yes
cpuid level	: 13
wp		: yes
flags		: fpu vme de pse tsc msr pae mce cx8 apic sep mtrr pge mca cmov pat pse36 clflush dts acpi mmx fxsr sse sse2 ss ht tm pbe syscall nx rdtscp lm constant_tsc arch_perfmon pebs bts rep_good nopl xtopology nonstop_tsc aperfmperf eagerfpu pni pclmulqdq dtes64 monitor ds_cpl vmx smx est tm2 ssse3 cx16 xtpr pdcm pcid sse4_1 sse4_2 x2apic popcnt tsc_deadline_timer aes xsave avx lahf_lm arat epb xsaveopt pln pts dtherm tpr_shadow vnmi flexpriority ept vpid
bogomips	: 6584.37
clflush size	: 64
cache_alignment	: 64
address sizes	: 36 bits physical, 48 bits virtual
power management:

processor	: 2
vendor_id	: GenuineIntel
cpu family	: 6
model		: 42
model name	: Intel(R) Core(TM) i5-2500 CPU @ 3.30GHz
stepping	: 7
microcode	: 0x1a
cpu MHz		: 3300.000
cache size	: 6144 KB
physical id	: 0
siblings	: 4
core id		: 2
cpu cores	: 4
apicid		: 4
initial apicid	: 4
fpu		: yes
fpu_exception	: yes
cpuid level	: 13
wp		: yes
flags		: fpu vme de pse tsc msr pae mce cx8 apic sep mtrr pge mca cmov pat pse36 clflush dts acpi mmx fxsr sse sse2 ss ht tm pbe syscall nx rdtscp lm constant_tsc arch_perfmon pebs bts rep_good nopl xtopology nonstop_tsc aperfmperf eagerfpu pni pclmulqdq dtes64 monitor ds_cpl vmx smx est tm2 ssse3 cx16 xtpr pdcm pcid sse4_1 sse4_2 x2apic popcnt tsc_deadline_timer aes xsave avx lahf_lm arat epb xsaveopt pln pts dtherm tpr_shadow vnmi flexpriority ept vpid
bogomips	: 6584.37
clflush size	: 64
cache_alignment	: 64
address sizes	: 36 bits physical, 48 bits virtual
power management:

processor	: 3
vendor_id	: GenuineIntel
cpu family	: 6
model		: 42
model name	: Intel(R) Core(TM) i5-2500 CPU @ 3.30GHz
stepping	: 7
microcode	: 0x1a
cpu MHz		: 3300.000
cache size	: 6144 KB
physical id	: 0
siblings	: 4
core id		: 3
cpu cores	: 4
apicid		: 6
initial apicid	: 6
fpu		: yes
fpu_exception	: yes
cpuid level	: 13
wp		: yes
flags		: fpu vme de pse tsc msr pae mce cx8 apic sep mtrr pge mca cmov pat pse36 clflush dts acpi mmx fxsr sse sse2 ss ht tm pbe syscall nx rdtscp lm constant_tsc arch_perfmon pebs bts rep_good nopl xtopology nonstop_tsc aperfmperf eagerfpu pni pclmulqdq dtes64 monitor ds_cpl vmx smx est tm2 ssse3 cx16 xtpr pdcm pcid sse4_1 sse4_2 x2apic popcnt tsc_deadline_timer aes xsave avx lahf_lm arat epb xsaveopt pln pts dtherm tpr_shadow vnmi flexpriority ept vpid
bogomips	: 6584.37
clflush size	: 64
cache_alignment	: 64
address sizes	: 36 bits physical, 48 bits virtual
power management:



Memory: 4k page, physical 16256320k(152860k free), swap 8206332k(4314932k free)

vm_info: OpenJDK 64-Bit Server VM (25.72-b15) for linux-amd64 JRE (1.8.0_72-internal-b15), built on Jan 28 2016 23:42:34 by "buildd" with gcc 4.8.2

time: Tue Aug 23 11:24:09 2016
elapsed time: 3 seconds (0d 0h 0m 3s)

